2021-11-19 13:59:55,183  INFO [main] BigSmall:57 - Browser has been luanched
2021-11-19 14:00:18,925  INFO [main] BigSmall:62 - url hited
2021-11-19 14:00:22,147  INFO [main] BigSmall:82 - clicked on sign button
2021-11-19 14:00:22,552  INFO [main] BigSmall:88 -  entered
2021-11-19 14:00:22,824  INFO [main] BigSmall:91 -  entered
2021-11-19 14:00:26,979  INFO [main] BigSmall:93 - clicked on summit button
2021-11-19 14:00:29,819  INFO [main] BigSmall:82 - clicked on sign button
2021-11-19 14:00:30,556  INFO [main] BigSmall:88 - defenceaspirants87@gmail.com entered
2021-11-19 14:00:30,947  INFO [main] BigSmall:91 - gguytuy entered
2021-11-19 14:00:31,158  INFO [main] BigSmall:93 - clicked on summit button
2021-11-19 14:00:33,886  INFO [main] BigSmall:82 - clicked on sign button
2021-11-19 14:00:35,229  INFO [main] BigSmall:88 - rathorb87@gmail.com entered
2021-11-19 14:00:35,622  INFO [main] BigSmall:91 - Bigsmall@123 entered
2021-11-19 14:00:35,801  INFO [main] BigSmall:93 - clicked on summit button
2021-11-19 14:00:45,099  INFO [main] BigSmall:121 - clicked on Persionaized Gift Menu
2021-11-19 14:01:05,697  INFO [main] BigSmall:163 - product name has been sent to search box
2021-11-19 14:01:05,886  INFO [main] BigSmall:167 - list appeared of searched product
2021-11-19 14:01:09,825  INFO [main] BigSmall:191 - clicked on christmas menu
2021-11-19 14:01:15,057  INFO [main] BigSmall:197 - christmas gift added in cart
2021-11-19 14:01:20,887  INFO [main] BigSmall:210 - pop up appeared
2021-11-19 14:01:38,506  INFO [main] BigSmall:218 - christmas gift menu's item available in shopping cart
2021-11-19 14:01:42,317  INFO [main] BigSmall:241 - clicked on shop By catagory menu
2021-11-19 14:01:50,791  INFO [main] BigSmall:250 - clicked on add to wish
2021-11-19 14:01:55,875  INFO [main] BigSmall:255 - item has been added in wish list
2021-11-19 14:01:59,400  INFO [main] BigSmall:268 - clicked on shop By all of it menu
2021-11-19 14:02:03,097  INFO [main] BigSmall:272 - Title under All ot It is verified
2021-11-19 14:02:10,467  INFO [main] BigSmall:282 - clicked on wishlist menu
2021-11-19 14:02:16,852  INFO [main] BigSmall:292 - products are available in wish list
2021-11-19 14:02:19,855  INFO [main] BigSmall:304 - clicked on gift card button
2021-11-19 14:02:20,114  INFO [main] BigSmall:308 - gift card feature is working
2021-11-19 14:02:22,956  INFO [main] BigSmall:320 - clicked on about us menu
2021-11-19 14:02:23,191  INFO [main] BigSmall:324 - getting all info about website
2021-11-19 14:02:25,991  INFO [main] BigSmall:337 - clicked on contact us
2021-11-19 14:02:27,063  INFO [main] BigSmall:342 - all info added
2021-11-19 14:02:27,185  INFO [main] BigSmall:348 - thank you for contacting us
