2021-11-19 13:08:29,921  INFO [main] BigSmall:57 - Browser has been luanched
2021-11-19 13:08:40,491  INFO [main] BigSmall:62 - url hited
2021-11-19 13:08:44,053  INFO [main] BigSmall:82 - clicked on sign button
2021-11-19 13:08:44,781  INFO [main] BigSmall:88 -  entered
2021-11-19 13:08:45,067  INFO [main] BigSmall:91 -  entered
2021-11-19 13:08:49,157  INFO [main] BigSmall:93 - clicked on summit button
2021-11-19 13:08:51,739  INFO [main] BigSmall:82 - clicked on sign button
2021-11-19 13:08:52,357  INFO [main] BigSmall:88 - defenceaspirants87@gmail.com entered
2021-11-19 13:08:52,577  INFO [main] BigSmall:91 - gguytuy entered
2021-11-19 13:08:52,769  INFO [main] BigSmall:93 - clicked on summit button
2021-11-19 13:08:55,011  INFO [main] BigSmall:82 - clicked on sign button
2021-11-19 13:08:55,668  INFO [main] BigSmall:88 - rathorb87@gmail.com entered
2021-11-19 13:08:55,917  INFO [main] BigSmall:91 - Bigsmall@123 entered
2021-11-19 13:08:56,087  INFO [main] BigSmall:93 - clicked on summit button
2021-11-19 13:09:05,798  INFO [main] BigSmall:121 - clicked on Persionaized Gift Menu
2021-11-19 13:09:25,588  INFO [main] BigSmall:163 - product name has been sent to search box
2021-11-19 13:09:26,021  INFO [main] BigSmall:167 - list appeared of searched product
2021-11-19 13:09:30,626  INFO [main] BigSmall:191 - clicked on christmas menu
2021-11-19 13:09:36,513  INFO [main] BigSmall:197 - christmas gift added in cart
2021-11-19 13:09:42,349  INFO [main] BigSmall:210 - pop up appeared
2021-11-19 13:09:55,290  INFO [main] BigSmall:218 - christmas gift menu's item available in shopping cart
2021-11-19 13:09:59,954  INFO [main] BigSmall:241 - clicked on shop By catagory menu
2021-11-19 13:10:08,958  INFO [main] BigSmall:250 - clicked on add to wish
2021-11-19 13:10:17,849  INFO [main] BigSmall:268 - clicked on shop By all of it menu
2021-11-19 13:10:21,284  INFO [main] BigSmall:272 - Title under All ot It is verified
2021-11-19 13:10:28,878  INFO [main] BigSmall:282 - clicked on wishlist menu
2021-11-19 13:10:35,229  INFO [main] BigSmall:292 - products are available in wish list
2021-11-19 13:10:38,339  INFO [main] BigSmall:304 - clicked on gift card button
2021-11-19 13:10:38,563  INFO [main] BigSmall:308 - gift card feature is working
2021-11-19 13:10:41,503  INFO [main] BigSmall:320 - clicked on about us menu
2021-11-19 13:10:41,709  INFO [main] BigSmall:324 - getting all info about website
2021-11-19 13:10:44,268  INFO [main] BigSmall:337 - clicked on contact us
2021-11-19 13:10:45,318  INFO [main] BigSmall:342 - all info added
2021-11-19 13:10:45,382  INFO [main] BigSmall:348 - thank you for contacting us
